# JRE version: OpenJDK Runtime Environment (8.0_202-b03) (build 1.8.0_202-release-1483-b03)
# Java VM: OpenJDK 64-Bit Server VM (25.202-b03 mixed mode windows-amd64 compressed oops)
Heap:
 PSYoungGen      total 319488K, used 89025K [0x00000000e0000000, 0x00000000f5480000, 0x0000000100000000)
  eden space 291840K, 26% used [0x00000000e0000000,0x00000000e4bbc920,0x00000000f1d00000)
  from space 27648K, 41% used [0x00000000f1d00000,0x00000000f2833c60,0x00000000f3800000)
  to   space 26112K, 0% used [0x00000000f3800000,0x00000000f3800000,0x00000000f5180000)
 ParOldGen       total 118272K, used 70607K [0x00000000a0000000, 0x00000000a7380000, 0x00000000e0000000)
  object space 118272K, 59% used [0x00000000a0000000,0x00000000a44f3e40,0x00000000a7380000)
 Metaspace       used 92328K, capacity 96330K, committed 96512K, reserved 1132544K
  class space    used 11883K, capacity 12674K, committed 12800K, reserved 1048576K
GC Heap History (10 events):
Event: 76.461 GC heap before
{Heap before GC invocations=24 (full 3):
 PSYoungGen      total 317952K, used 310086K [0x00000000e0000000, 0x00000000f5480000, 0x0000000100000000)
  eden space 291840K, 100% used [0x00000000e0000000,0x00000000f1d00000,0x00000000f1d00000)
  from space 26112K, 69% used [0x00000000f3800000,0x00000000f49d19a8,0x00000000f5180000)
  to   space 27648K, 0% used [0x00000000f1d00000,0x00000000f1d00000,0x00000000f3800000)
 ParOldGen       total 118272K, used 59852K [0x00000000a0000000, 0x00000000a7380000, 0x00000000e0000000)
  object space 118272K, 50% used [0x00000000a0000000,0x00000000a3a730d0,0x00000000a7380000)
 Metaspace       used 91986K, capacity 95952K, committed 96128K, reserved 1132544K
  class space    used 11878K, capacity 12667K, committed 12672K, reserved 1048576K
Event: 76.496 GC heap after
Heap after GC invocations=24 (full 3):
 PSYoungGen      total 319488K, used 23846K [0x00000000e0000000, 0x00000000f5480000, 0x0000000100000000)
  eden space 291840K, 0% used [0x00000000e0000000,0x00000000e0000000,0x00000000f1d00000)
  from space 27648K, 86% used [0x00000000f1d00000,0x00000000f3449ba0,0x00000000f3800000)
  to   space 26112K, 0% used [0x00000000f3800000,0x00000000f3800000,0x00000000f5180000)
 ParOldGen       total 118272K, used 59860K [0x00000000a0000000, 0x00000000a7380000, 0x00000000e0000000)
  object space 118272K, 50% used [0x00000000a0000000,0x00000000a3a750d0,0x00000000a7380000)
 Metaspace       used 91986K, capacity 95952K, committed 96128K, reserved 1132544K
  class space    used 11878K, capacity 12667K, committed 12672K, reserved 1048576K
}
Event: 78.946 GC heap before
{Heap before GC invocations=25 (full 3):
 PSYoungGen      total 319488K, used 315686K [0x00000000e0000000, 0x00000000f5480000, 0x0000000100000000)
  eden space 291840K, 100% used [0x00000000e0000000,0x00000000f1d00000,0x00000000f1d00000)
  from space 27648K, 86% used [0x00000000f1d00000,0x00000000f3449ba0,0x00000000f3800000)
  to   space 26112K, 0% used [0x00000000f3800000,0x00000000f3800000,0x00000000f5180000)
 ParOldGen       total 118272K, used 59860K [0x00000000a0000000, 0x00000000a7380000, 0x00000000e0000000)
  object space 118272K, 50% used [0x00000000a0000000,0x00000000a3a750d0,0x00000000a7380000)
 Metaspace       used 92098K, capacity 96158K, committed 96384K, reserved 1132544K
  class space    used 11879K, capacity 12668K, committed 12672K, reserved 1048576K
Event: 79.006 GC heap after
Heap after GC invocations=25 (full 3):
 PSYoungGen      total 317952K, used 22568K [0x00000000e0000000, 0x00000000f5480000, 0x0000000100000000)
  eden space 291840K, 0% used [0x00000000e0000000,0x00000000e0000000,0x00000000f1d00000)
  from space 26112K, 86% used [0x00000000f3800000,0x00000000f4e0a3e8,0x00000000f5180000)
  to   space 27648K, 0% used [0x00000000f1d00000,0x00000000f1d00000,0x00000000f3800000)
 ParOldGen       total 118272K, used 59868K [0x00000000a0000000, 0x00000000a7380000, 0x00000000e0000000)
  object space 118272K, 50% used [0x00000000a0000000,0x00000000a3a770d0,0x00000000a7380000)
 Metaspace       used 92098K, capacity 96158K, committed 96384K, reserved 1132544K
  class space    used 11879K, capacity 12668K, committed 12672K, reserved 1048576K
}
Event: 81.638 GC heap before
{Heap before GC invocations=26 (full 3):
 PSYoungGen      total 317952K, used 314408K [0x00000000e0000000, 0x00000000f5480000, 0x0000000100000000)
  eden space 291840K, 100% used [0x00000000e0000000,0x00000000f1d00000,0x00000000f1d00000)
  from space 26112K, 86% used [0x00000000f3800000,0x00000000f4e0a3e8,0x00000000f5180000)
  to   space 27648K, 0% used [0x00000000f1d00000,0x00000000f1d00000,0x00000000f3800000)
 ParOldGen       total 118272K, used 59868K [0x00000000a0000000, 0x00000000a7380000, 0x00000000e0000000)
  object space 118272K, 50% used [0x00000000a0000000,0x00000000a3a770d0,0x00000000a7380000)
 Metaspace       used 92156K, capacity 96184K, committed 96512K, reserved 1132544K
  class space    used 11882K, capacity 12673K, committed 12800K, reserved 1048576K
Event: 81.671 GC heap after
Heap after GC invocations=26 (full 3):
 PSYoungGen      total 319488K, used 21244K [0x00000000e0000000, 0x00000000f5480000, 0x0000000100000000)
  eden space 291840K, 0% used [0x00000000e0000000,0x00000000e0000000,0x00000000f1d00000)
  from space 27648K, 76% used [0x00000000f1d00000,0x00000000f31bf380,0x00000000f3800000)
  to   space 26112K, 0% used [0x00000000f3800000,0x00000000f3800000,0x00000000f5180000)
 ParOldGen       total 118272K, used 59868K [0x00000000a0000000, 0x00000000a7380000, 0x00000000e0000000)
  object space 118272K, 50% used [0x00000000a0000000,0x00000000a3a770d0,0x00000000a7380000)
 Metaspace       used 92156K, capacity 96184K, committed 96512K, reserved 1132544K
  class space    used 11882K, capacity 12673K, committed 12800K, reserved 1048576K
}
Event: 83.293 GC heap before
{Heap before GC invocations=27 (full 3):
 PSYoungGen      total 319488K, used 313084K [0x00000000e0000000, 0x00000000f5480000, 0x0000000100000000)
  eden space 291840K, 100% used [0x00000000e0000000,0x00000000f1d00000,0x00000000f1d00000)
  from space 27648K, 76% used [0x00000000f1d00000,0x00000000f31bf380,0x00000000f3800000)
  to   space 26112K, 0% used [0x00000000f3800000,0x00000000f3800000,0x00000000f5180000)
 ParOldGen       total 118272K, used 59868K [0x00000000a0000000, 0x00000000a7380000, 0x00000000e0000000)
  object space 118272K, 50% used [0x00000000a0000000,0x00000000a3a770d0,0x00000000a7380000)
 Metaspace       used 92181K, capacity 96248K, committed 96512K, reserved 1132544K
  class space    used 11882K, capacity 12673K, committed 12800K, reserved 1048576K
Event: 83.399 GC heap after
Heap after GC invocations=27 (full 3):
 PSYoungGen      total 317952K, used 26082K [0x00000000e0000000, 0x00000000f5480000, 0x0000000100000000)
  eden space 291840K, 0% used [0x00000000e0000000,0x00000000e0000000,0x00000000f1d00000)
  from space 26112K, 99% used [0x00000000f3800000,0x00000000f5178aa8,0x00000000f5180000)
  to   space 27648K, 0% used [0x00000000f1d00000,0x00000000f1d00000,0x00000000f3800000)
 ParOldGen       total 118272K, used 60652K [0x00000000a0000000, 0x00000000a7380000, 0x00000000e0000000)
  object space 118272K, 51% used [0x00000000a0000000,0x00000000a3b3b110,0x00000000a7380000)
 Metaspace       used 92181K, capacity 96248K, committed 96512K, reserved 1132544K
  class space    used 11882K, capacity 12673K, committed 12800K, reserved 1048576K
}
Event: 85.550 GC heap before
{Heap before GC invocations=28 (full 3):
 PSYoungGen      total 317952K, used 317922K [0x00000000e0000000, 0x00000000f5480000, 0x0000000100000000)
  eden space 291840K, 100% used [0x00000000e0000000,0x00000000f1d00000,0x00000000f1d00000)
  from space 26112K, 99% used [0x00000000f3800000,0x00000000f5178aa8,0x00000000f5180000)
  to   space 27648K, 0% used [0x00000000f1d00000,0x00000000f1d00000,0x00000000f3800000)
 ParOldGen       total 118272K, used 60652K [0x00000000a0000000, 0x00000000a7380000, 0x00000000e0000000)
  object space 118272K, 51% used [0x00000000a0000000,0x00000000a3b3b110,0x00000000a7380000)
 Metaspace       used 92325K, capacity 96324K, committed 96512K, reserved 1132544K
  class space    used 11882K, capacity 12673K, committed 12800K, reserved 1048576K
Event: 85.605 GC heap after
Heap after GC invocations=28 (full 3):
 PSYoungGen      total 319488K, used 11471K [0x00000000e0000000, 0x00000000f5480000, 0x0000000100000000)
  eden space 291840K, 0% used [0x00000000e0000000,0x00000000e0000000,0x00000000f1d00000)
  from space 27648K, 41% used [0x00000000f1d00000,0x00000000f2833c60,0x00000000f3800000)
  to   space 26112K, 0% used [0x00000000f3800000,0x00000000f3800000,0x00000000f5180000)
 ParOldGen       total 118272K, used 70607K [0x00000000a0000000, 0x00000000a7380000, 0x00000000e0000000)
  object space 118272K, 59% used [0x00000000a0000000,0x00000000a44f3e40,0x00000000a7380000)
 Metaspace       used 92325K, capacity 96324K, committed 96512K, reserved 1132544K
  class space    used 11882K, capacity 12673K, committed 12800K, reserved 1048576K
}

