# JRE version: OpenJDK Runtime Environment (8.0_202-b03) (build 1.8.0_202-release-1483-b03)
# Java VM: OpenJDK 64-Bit Server VM (25.202-b03 mixed mode windows-amd64 compressed oops)
Heap:
 PSYoungGen      total 464384K, used 296342K [0x00000000e0000000, 0x00000000fec80000, 0x0000000100000000)
  eden space 434688K, 64% used [0x00000000e0000000,0x00000000f1353df8,0x00000000fa880000)
  from space 29696K, 48% used [0x00000000fcf80000,0x00000000fdd91dc8,0x00000000fec80000)
  to   space 34816K, 0% used [0x00000000fa880000,0x00000000fa880000,0x00000000fca80000)
 ParOldGen       total 176128K, used 45456K [0x00000000a0000000, 0x00000000aac00000, 0x00000000e0000000)
  object space 176128K, 25% used [0x00000000a0000000,0x00000000a2c64280,0x00000000aac00000)
 Metaspace       used 96265K, capacity 101772K, committed 101976K, reserved 1138688K
  class space    used 12313K, capacity 13293K, committed 13400K, reserved 1048576K
GC Heap History (10 events):
Event: 891.859 GC heap before
{Heap before GC invocations=32 (full 4):
 PSYoungGen      total 312832K, used 302349K [0x00000000e0000000, 0x00000000f7100000, 0x0000000100000000)
  eden space 284672K, 100% used [0x00000000e0000000,0x00000000f1600000,0x00000000f1600000)
  from space 28160K, 62% used [0x00000000f1600000,0x00000000f2743720,0x00000000f3180000)
  to   space 28160K, 0% used [0x00000000f5580000,0x00000000f5580000,0x00000000f7100000)
 ParOldGen       total 176128K, used 45448K [0x00000000a0000000, 0x00000000aac00000, 0x00000000e0000000)
  object space 176128K, 25% used [0x00000000a0000000,0x00000000a2c62280,0x00000000aac00000)
 Metaspace       used 95570K, capacity 100818K, committed 101080K, reserved 1136640K
  class space    used 12255K, capacity 13214K, committed 13272K, reserved 1048576K
Event: 891.913 GC heap after
Heap after GC invocations=32 (full 4):
 PSYoungGen      total 346112K, used 27580K [0x00000000e0000000, 0x00000000f8080000, 0x0000000100000000)
  eden space 317952K, 0% used [0x00000000e0000000,0x00000000e0000000,0x00000000f3680000)
  from space 28160K, 97% used [0x00000000f5580000,0x00000000f706f1a8,0x00000000f7100000)
  to   space 31744K, 0% used [0x00000000f3680000,0x00000000f3680000,0x00000000f5580000)
 ParOldGen       total 176128K, used 45448K [0x00000000a0000000, 0x00000000aac00000, 0x00000000e0000000)
  object space 176128K, 25% used [0x00000000a0000000,0x00000000a2c62280,0x00000000aac00000)
 Metaspace       used 95570K, capacity 100818K, committed 101080K, reserved 1136640K
  class space    used 12255K, capacity 13214K, committed 13272K, reserved 1048576K
}
Event: 893.093 GC heap before
{Heap before GC invocations=33 (full 4):
 PSYoungGen      total 346112K, used 345532K [0x00000000e0000000, 0x00000000f8080000, 0x0000000100000000)
  eden space 317952K, 100% used [0x00000000e0000000,0x00000000f3680000,0x00000000f3680000)
  from space 28160K, 97% used [0x00000000f5580000,0x00000000f706f1a8,0x00000000f7100000)
  to   space 31744K, 0% used [0x00000000f3680000,0x00000000f3680000,0x00000000f5580000)
 ParOldGen       total 176128K, used 45448K [0x00000000a0000000, 0x00000000aac00000, 0x00000000e0000000)
  object space 176128K, 25% used [0x00000000a0000000,0x00000000a2c62280,0x00000000aac00000)
 Metaspace       used 95580K, capacity 100836K, committed 101080K, reserved 1136640K
  class space    used 12255K, capacity 13215K, committed 13272K, reserved 1048576K
Event: 893.151 GC heap after
Heap after GC invocations=33 (full 4):
 PSYoungGen      total 349696K, used 26266K [0x00000000e0000000, 0x00000000fb000000, 0x0000000100000000)
  eden space 317952K, 0% used [0x00000000e0000000,0x00000000e0000000,0x00000000f3680000)
  from space 31744K, 82% used [0x00000000f3680000,0x00000000f50268a8,0x00000000f5580000)
  to   space 34304K, 0% used [0x00000000f8e80000,0x00000000f8e80000,0x00000000fb000000)
 ParOldGen       total 176128K, used 45448K [0x00000000a0000000, 0x00000000aac00000, 0x00000000e0000000)
  object space 176128K, 25% used [0x00000000a0000000,0x00000000a2c62280,0x00000000aac00000)
 Metaspace       used 95580K, capacity 100836K, committed 101080K, reserved 1136640K
  class space    used 12255K, capacity 13215K, committed 13272K, reserved 1048576K
}
Event: 894.338 GC heap before
{Heap before GC invocations=34 (full 4):
 PSYoungGen      total 349696K, used 344218K [0x00000000e0000000, 0x00000000fb000000, 0x0000000100000000)
  eden space 317952K, 100% used [0x00000000e0000000,0x00000000f3680000,0x00000000f3680000)
  from space 31744K, 82% used [0x00000000f3680000,0x00000000f50268a8,0x00000000f5580000)
  to   space 34304K, 0% used [0x00000000f8e80000,0x00000000f8e80000,0x00000000fb000000)
 ParOldGen       total 176128K, used 45448K [0x00000000a0000000, 0x00000000aac00000, 0x00000000e0000000)
  object space 176128K, 25% used [0x00000000a0000000,0x00000000a2c62280,0x00000000aac00000)
 Metaspace       used 95586K, capacity 100836K, committed 101080K, reserved 1136640K
  class space    used 12255K, capacity 13215K, committed 13272K, reserved 1048576K
Event: 894.376 GC heap after
Heap after GC invocations=34 (full 4):
 PSYoungGen      total 407552K, used 22952K [0x00000000e0000000, 0x00000000fb180000, 0x0000000100000000)
  eden space 373248K, 0% used [0x00000000e0000000,0x00000000e0000000,0x00000000f6c80000)
  from space 34304K, 66% used [0x00000000f8e80000,0x00000000fa4ea260,0x00000000fb000000)
  to   space 34816K, 0% used [0x00000000f6c80000,0x00000000f6c80000,0x00000000f8e80000)
 ParOldGen       total 176128K, used 45448K [0x00000000a0000000, 0x00000000aac00000, 0x00000000e0000000)
  object space 176128K, 25% used [0x00000000a0000000,0x00000000a2c62280,0x00000000aac00000)
 Metaspace       used 95586K, capacity 100836K, committed 101080K, reserved 1136640K
  class space    used 12255K, capacity 13215K, committed 13272K, reserved 1048576K
}
Event: 895.675 GC heap before
{Heap before GC invocations=35 (full 4):
 PSYoungGen      total 407552K, used 396200K [0x00000000e0000000, 0x00000000fb180000, 0x0000000100000000)
  eden space 373248K, 100% used [0x00000000e0000000,0x00000000f6c80000,0x00000000f6c80000)
  from space 34304K, 66% used [0x00000000f8e80000,0x00000000fa4ea260,0x00000000fb000000)
  to   space 34816K, 0% used [0x00000000f6c80000,0x00000000f6c80000,0x00000000f8e80000)
 ParOldGen       total 176128K, used 45448K [0x00000000a0000000, 0x00000000aac00000, 0x00000000e0000000)
  object space 176128K, 25% used [0x00000000a0000000,0x00000000a2c62280,0x00000000aac00000)
 Metaspace       used 95610K, capacity 100902K, committed 101080K, reserved 1136640K
  class space    used 12256K, capacity 13216K, committed 13272K, reserved 1048576K
Event: 895.716 GC heap after
Heap after GC invocations=35 (full 4):
 PSYoungGen      total 408064K, used 24889K [0x00000000e0000000, 0x00000000ff280000, 0x0000000100000000)
  eden space 373248K, 0% used [0x00000000e0000000,0x00000000e0000000,0x00000000f6c80000)
  from space 34816K, 71% used [0x00000000f6c80000,0x00000000f84ce5f8,0x00000000f8e80000)
  to   space 35840K, 0% used [0x00000000fcf80000,0x00000000fcf80000,0x00000000ff280000)
 ParOldGen       total 176128K, used 45448K [0x00000000a0000000, 0x00000000aac00000, 0x00000000e0000000)
  object space 176128K, 25% used [0x00000000a0000000,0x00000000a2c62280,0x00000000aac00000)
 Metaspace       used 95610K, capacity 100902K, committed 101080K, reserved 1136640K
  class space    used 12256K, capacity 13216K, committed 13272K, reserved 1048576K
}
Event: 898.320 GC heap before
{Heap before GC invocations=36 (full 4):
 PSYoungGen      total 408064K, used 398137K [0x00000000e0000000, 0x00000000ff280000, 0x0000000100000000)
  eden space 373248K, 100% used [0x00000000e0000000,0x00000000f6c80000,0x00000000f6c80000)
  from space 34816K, 71% used [0x00000000f6c80000,0x00000000f84ce5f8,0x00000000f8e80000)
  to   space 35840K, 0% used [0x00000000fcf80000,0x00000000fcf80000,0x00000000ff280000)
 ParOldGen       total 176128K, used 45448K [0x00000000a0000000, 0x00000000aac00000, 0x00000000e0000000)
  object space 176128K, 25% used [0x00000000a0000000,0x00000000a2c62280,0x00000000aac00000)
 Metaspace       used 95771K, capacity 101104K, committed 101336K, reserved 1136640K
  class space    used 12264K, capacity 13225K, committed 13272K, reserved 1048576K
Event: 898.354 GC heap after
Heap after GC invocations=36 (full 4):
 PSYoungGen      total 464384K, used 14407K [0x00000000e0000000, 0x00000000fec80000, 0x0000000100000000)
  eden space 434688K, 0% used [0x00000000e0000000,0x00000000e0000000,0x00000000fa880000)
  from space 29696K, 48% used [0x00000000fcf80000,0x00000000fdd91dc8,0x00000000fec80000)
  to   space 34816K, 0% used [0x00000000fa880000,0x00000000fa880000,0x00000000fca80000)
 ParOldGen       total 176128K, used 45456K [0x00000000a0000000, 0x00000000aac00000, 0x00000000e0000000)
  object space 176128K, 25% used [0x00000000a0000000,0x00000000a2c64280,0x00000000aac00000)
 Metaspace       used 95771K, capacity 101104K, committed 101336K, reserved 1136640K
  class space    used 12264K, capacity 13225K, committed 13272K, reserved 1048576K
}

