# JRE version: OpenJDK Runtime Environment (8.0_202-b03) (build 1.8.0_202-release-1483-b03)
# Java VM: OpenJDK 64-Bit Server VM (25.202-b03 mixed mode windows-amd64 compressed oops)
Heap:
 PSYoungGen      total 224768K, used 50884K [0x00000000e0000000, 0x00000000ef600000, 0x0000000100000000)
  eden space 197632K, 16% used [0x00000000e0000000,0x00000000e1efc980,0x00000000ec100000)
  from space 27136K, 70% used [0x00000000ec100000,0x00000000ed3b4778,0x00000000edb80000)
  to   space 25600K, 0% used [0x00000000edb80000,0x00000000edb80000,0x00000000ef480000)
 ParOldGen       total 161280K, used 43940K [0x00000000a0000000, 0x00000000a9d80000, 0x00000000e0000000)
  object space 161280K, 27% used [0x00000000a0000000,0x00000000a2ae9270,0x00000000a9d80000)
 Metaspace       used 102818K, capacity 109696K, committed 109952K, reserved 1144832K
  class space    used 13034K, capacity 14184K, committed 14208K, reserved 1048576K
GC Heap History (10 events):
Event: 3914.122 GC heap before
{Heap before GC invocations=37 (full 4):
 PSYoungGen      total 208384K, used 187232K [0x00000000e0000000, 0x00000000ee600000, 0x0000000100000000)
  eden space 185344K, 100% used [0x00000000e0000000,0x00000000eb500000,0x00000000eb500000)
  from space 23040K, 8% used [0x00000000ecf80000,0x00000000ed158010,0x00000000ee600000)
  to   space 25088K, 0% used [0x00000000eb500000,0x00000000eb500000,0x00000000ecd80000)
 ParOldGen       total 161280K, used 43900K [0x00000000a0000000, 0x00000000a9d80000, 0x00000000e0000000)
  object space 161280K, 27% used [0x00000000a0000000,0x00000000a2adf270,0x00000000a9d80000)
 Metaspace       used 92735K, capacity 97444K, committed 98496K, reserved 1134592K
  class space    used 11861K, capacity 12722K, committed 13056K, reserved 1048576K
Event: 3914.139 GC heap after
Heap after GC invocations=37 (full 4):
 PSYoungGen      total 210432K, used 5888K [0x00000000e0000000, 0x00000000eed80000, 0x0000000100000000)
  eden space 185344K, 0% used [0x00000000e0000000,0x00000000e0000000,0x00000000eb500000)
  from space 25088K, 23% used [0x00000000eb500000,0x00000000ebac0030,0x00000000ecd80000)
  to   space 24576K, 0% used [0x00000000ed580000,0x00000000ed580000,0x00000000eed80000)
 ParOldGen       total 161280K, used 43908K [0x00000000a0000000, 0x00000000a9d80000, 0x00000000e0000000)
  object space 161280K, 27% used [0x00000000a0000000,0x00000000a2ae1270,0x00000000a9d80000)
 Metaspace       used 92735K, capacity 97444K, committed 98496K, reserved 1134592K
  class space    used 11861K, capacity 12722K, committed 13056K, reserved 1048576K
}
Event: 3988.127 GC heap before
{Heap before GC invocations=38 (full 4):
 PSYoungGen      total 210432K, used 191232K [0x00000000e0000000, 0x00000000eed80000, 0x0000000100000000)
  eden space 185344K, 100% used [0x00000000e0000000,0x00000000eb500000,0x00000000eb500000)
  from space 25088K, 23% used [0x00000000eb500000,0x00000000ebac0030,0x00000000ecd80000)
  to   space 24576K, 0% used [0x00000000ed580000,0x00000000ed580000,0x00000000eed80000)
 ParOldGen       total 161280K, used 43908K [0x00000000a0000000, 0x00000000a9d80000, 0x00000000e0000000)
  object space 161280K, 27% used [0x00000000a0000000,0x00000000a2ae1270,0x00000000a9d80000)
 Metaspace       used 94456K, capacity 99282K, committed 99968K, reserved 1136640K
  class space    used 12048K, capacity 12929K, committed 13184K, reserved 1048576K
Event: 3988.193 GC heap after
Heap after GC invocations=38 (full 4):
 PSYoungGen      total 214528K, used 4495K [0x00000000e0000000, 0x00000000eeb00000, 0x0000000100000000)
  eden space 192512K, 0% used [0x00000000e0000000,0x00000000e0000000,0x00000000ebc00000)
  from space 22016K, 20% used [0x00000000ed580000,0x00000000ed9e3d78,0x00000000eeb00000)
  to   space 24064K, 0% used [0x00000000ebc00000,0x00000000ebc00000,0x00000000ed380000)
 ParOldGen       total 161280K, used 43916K [0x00000000a0000000, 0x00000000a9d80000, 0x00000000e0000000)
  object space 161280K, 27% used [0x00000000a0000000,0x00000000a2ae3270,0x00000000a9d80000)
 Metaspace       used 94456K, capacity 99282K, committed 99968K, reserved 1136640K
  class space    used 12048K, capacity 12929K, committed 13184K, reserved 1048576K
}
Event: 4005.527 GC heap before
{Heap before GC invocations=39 (full 4):
 PSYoungGen      total 214528K, used 197007K [0x00000000e0000000, 0x00000000eeb00000, 0x0000000100000000)
  eden space 192512K, 100% used [0x00000000e0000000,0x00000000ebc00000,0x00000000ebc00000)
  from space 22016K, 20% used [0x00000000ed580000,0x00000000ed9e3d78,0x00000000eeb00000)
  to   space 24064K, 0% used [0x00000000ebc00000,0x00000000ebc00000,0x00000000ed380000)
 ParOldGen       total 161280K, used 43916K [0x00000000a0000000, 0x00000000a9d80000, 0x00000000e0000000)
  object space 161280K, 27% used [0x00000000a0000000,0x00000000a2ae3270,0x00000000a9d80000)
 Metaspace       used 100626K, capacity 105958K, committed 106240K, reserved 1142784K
  class space    used 12746K, capacity 13703K, committed 13824K, reserved 1048576K
Event: 4005.554 GC heap after
Heap after GC invocations=39 (full 4):
 PSYoungGen      total 216576K, used 17981K [0x00000000e0000000, 0x00000000ef480000, 0x0000000100000000)
  eden space 192512K, 0% used [0x00000000e0000000,0x00000000e0000000,0x00000000ebc00000)
  from space 24064K, 74% used [0x00000000ebc00000,0x00000000ecd8f4c0,0x00000000ed380000)
  to   space 25600K, 0% used [0x00000000edb80000,0x00000000edb80000,0x00000000ef480000)
 ParOldGen       total 161280K, used 43924K [0x00000000a0000000, 0x00000000a9d80000, 0x00000000e0000000)
  object space 161280K, 27% used [0x00000000a0000000,0x00000000a2ae5270,0x00000000a9d80000)
 Metaspace       used 100626K, capacity 105958K, committed 106240K, reserved 1142784K
  class space    used 12746K, capacity 13703K, committed 13824K, reserved 1048576K
}
Event: 5385.051 GC heap before
{Heap before GC invocations=40 (full 4):
 PSYoungGen      total 216576K, used 210493K [0x00000000e0000000, 0x00000000ef480000, 0x0000000100000000)
  eden space 192512K, 100% used [0x00000000e0000000,0x00000000ebc00000,0x00000000ebc00000)
  from space 24064K, 74% used [0x00000000ebc00000,0x00000000ecd8f4c0,0x00000000ed380000)
  to   space 25600K, 0% used [0x00000000edb80000,0x00000000edb80000,0x00000000ef480000)
 ParOldGen       total 161280K, used 43924K [0x00000000a0000000, 0x00000000a9d80000, 0x00000000e0000000)
  object space 161280K, 27% used [0x00000000a0000000,0x00000000a2ae5270,0x00000000a9d80000)
 Metaspace       used 102455K, capacity 109268K, committed 109440K, reserved 1144832K
  class space    used 13026K, capacity 14182K, committed 14208K, reserved 1048576K
Event: 5385.118 GC heap after
Heap after GC invocations=40 (full 4):
 PSYoungGen      total 223232K, used 18498K [0x00000000e0000000, 0x00000000ef600000, 0x0000000100000000)
  eden space 197632K, 0% used [0x00000000e0000000,0x00000000e0000000,0x00000000ec100000)
  from space 25600K, 72% used [0x00000000edb80000,0x00000000eed90bb0,0x00000000ef480000)
  to   space 27136K, 0% used [0x00000000ec100000,0x00000000ec100000,0x00000000edb80000)
 ParOldGen       total 161280K, used 43932K [0x00000000a0000000, 0x00000000a9d80000, 0x00000000e0000000)
  object space 161280K, 27% used [0x00000000a0000000,0x00000000a2ae7270,0x00000000a9d80000)
 Metaspace       used 102455K, capacity 109268K, committed 109440K, reserved 1144832K
  class space    used 13026K, capacity 14182K, committed 14208K, reserved 1048576K
}
Event: 5392.687 GC heap before
{Heap before GC invocations=41 (full 4):
 PSYoungGen      total 223232K, used 216130K [0x00000000e0000000, 0x00000000ef600000, 0x0000000100000000)
  eden space 197632K, 100% used [0x00000000e0000000,0x00000000ec100000,0x00000000ec100000)
  from space 25600K, 72% used [0x00000000edb80000,0x00000000eed90bb0,0x00000000ef480000)
  to   space 27136K, 0% used [0x00000000ec100000,0x00000000ec100000,0x00000000edb80000)
 ParOldGen       total 161280K, used 43932K [0x00000000a0000000, 0x00000000a9d80000, 0x00000000e0000000)
  object space 161280K, 27% used [0x00000000a0000000,0x00000000a2ae7270,0x00000000a9d80000)
 Metaspace       used 102763K, capacity 109632K, committed 109696K, reserved 1144832K
  class space    used 13032K, capacity 14184K, committed 14208K, reserved 1048576K
Event: 5392.778 GC heap after
Heap after GC invocations=41 (full 4):
 PSYoungGen      total 224768K, used 19153K [0x00000000e0000000, 0x00000000ef600000, 0x0000000100000000)
  eden space 197632K, 0% used [0x00000000e0000000,0x00000000e0000000,0x00000000ec100000)
  from space 27136K, 70% used [0x00000000ec100000,0x00000000ed3b4778,0x00000000edb80000)
  to   space 25600K, 0% used [0x00000000edb80000,0x00000000edb80000,0x00000000ef480000)
 ParOldGen       total 161280K, used 43940K [0x00000000a0000000, 0x00000000a9d80000, 0x00000000e0000000)
  object space 161280K, 27% used [0x00000000a0000000,0x00000000a2ae9270,0x00000000a9d80000)
 Metaspace       used 102763K, capacity 109632K, committed 109696K, reserved 1144832K
  class space    used 13032K, capacity 14184K, committed 14208K, reserved 1048576K
}

